app/build/outputs/logs/manifest-merger-debug-report.txt
-- Merging decision tree log ---
manifest
ADDED from src\main\AndroidManifest.xml:2:1-73:12
	package
		ADDED from src\main\AndroidManifest.xml:3:5-35
		INJECTED from src\main\AndroidManifest.xml
		INJECTED from src\main\AndroidManifest.xml
	android:versionName
		ADDED from src\main\AndroidManifest.xml:5:5-32
		INJECTED from src\main\AndroidManifest.xml
		INJECTED from src\main\AndroidManifest.xml
	android:versionCode
		ADDED from src\main\AndroidManifest.xml:4:5-31
		INJECTED from src\main\AndroidManifest.xml
		INJECTED from src\main\AndroidManifest.xml
	xmlns:android
		ADDED from src\main\AndroidManifest.xml:2:11-69
uses-sdk
ADDED from src\main\AndroidManifest.xml:7:5-9:41
MERGED from [com.android.support:support-v4:23.4.0] AndroidManifest.xml:20:5-43
	android:targetSdkVersion
		ADDED from src\main\AndroidManifest.xml:9:9-38
		INJECTED from src\main\AndroidManifest.xml
		INJECTED from src\main\AndroidManifest.xml
	android:minSdkVersion
		ADDED from src\main\AndroidManifest.xml:8:9-35
		INJECTED from src\main\AndroidManifest.xml
		INJECTED from src\main\AndroidManifest.xml
uses-feature#android.hardware.camera
ADDED from src\main\AndroidManifest.xml:11:7-62
	android:name
		ADDED from src\main\AndroidManifest.xml:11:21-59
uses-feature#android.hardware.autofocus
ADDED from src\main\AndroidManifest.xml:12:5-63
	android:name
		ADDED from src\main\AndroidManifest.xml:12:19-60
uses-permission#android.permission.CAMERA
ADDED from src\main\AndroidManifest.xml:14:5-65
	android:name
		ADDED from src\main\AndroidManifest.xml:14:22-62
uses-permission#android.permission.FLASHLIGHT
ADDED from src\main\AndroidManifest.xml:15:5-69
	android:name
		ADDED from src\main\AndroidManifest.xml:15:22-66
uses-permission#android.permission.RECORD_AUDIO
ADDED from src\main\AndroidManifest.xml:16:5-71
	android:name
		ADDED from src\main\AndroidManifest.xml:16:22-68
uses-permission#android.permission.WAKE_LOCK
ADDED from src\main\AndroidManifest.xml:17:5-68
	android:name
		ADDED from src\main\AndroidManifest.xml:17:22-65
uses-permission#android.permission.WRITE_EXTERNAL_STORAGE
ADDED from src\main\AndroidManifest.xml:18:5-81
	android:name
		ADDED from src\main\AndroidManifest.xml:18:22-78
uses-permission#android.permission.MODIFY_AUDIO_SETTINGS
ADDED from src\main\AndroidManifest.xml:19:5-80
	android:name
		ADDED from src\main\AndroidManifest.xml:19:22-77
permission#android.permission.FLASHLIGHT
ADDED from src\main\AndroidManifest.xml:23:5-26:44
	android:protectionLevel
		ADDED from src\main\AndroidManifest.xml:26:9-41
	android:permissionGroup
		ADDED from src\main\AndroidManifest.xml:25:9-77
	android:name
		ADDED from src\main\AndroidManifest.xml:24:9-53
uses-feature#android.hardware.camera.front
ADDED from src\main\AndroidManifest.xml:29:5-31:36
	android:required
		ADDED from src\main\AndroidManifest.xml:31:9-33
	android:name
		ADDED from src\main\AndroidManifest.xml:30:9-53
application
ADDED from src\main\AndroidManifest.xml:34:5-71:19
MERGED from [com.android.support:support-v4:23.4.0] AndroidManifest.xml:22:5-20
	android:label
		ADDED from src\main\AndroidManifest.xml:37:9-41
	android:allowBackup
		ADDED from src\main\AndroidManifest.xml:35:9-35
	android:icon
		ADDED from src\main\AndroidManifest.xml:36:9-45
	android:theme
		ADDED from src\main\AndroidManifest.xml:38:9-40
activity#com.example.commonDemo.startActivity
ADDED from src\main\AndroidManifest.xml:41:10-50:21
	android:label
		ADDED from src\main\AndroidManifest.xml:43:13-45
	android:theme
		ADDED from src\main\AndroidManifest.xml:42:14-47
	android:name
		ADDED from src\main\AndroidManifest.xml:41:20-71
intent-filter#android.intent.action.MAIN+android.intent.category.LAUNCHER
ADDED from src\main\AndroidManifest.xml:44:16-48:29
action#android.intent.action.MAIN
ADDED from src\main\AndroidManifest.xml:45:17-69
	android:name
		ADDED from src\main\AndroidManifest.xml:45:25-66
category#android.intent.category.LAUNCHER
ADDED from src\main\AndroidManifest.xml:47:17-77
	android:name
		ADDED from src\main\AndroidManifest.xml:47:27-74
activity#com.example.commonDemo.MainActivity
ADDED from src\main\AndroidManifest.xml:52:9-57:20
	android:name
		ADDED from src\main\AndroidManifest.xml:53:13-63
activity#com.example.commonDemo.VideoPlayerActivity
ADDED from src\main\AndroidManifest.xml:59:10-89
	android:name
		ADDED from src\main\AndroidManifest.xml:59:20-77
activity#com.example.commonDemo.FileExplorerActivity
ADDED from src\main\AndroidManifest.xml:60:10-90
	android:name
		ADDED from src\main\AndroidManifest.xml:60:20-78
activity#com.example.commonDemo.MediaInfoActivity
ADDED from src\main\AndroidManifest.xml:61:10-87
	android:name
		ADDED from src\main\AndroidManifest.xml:61:20-75
activity#com.example.commonDemo.CustomFunctionActivity
ADDED from src\main\AndroidManifest.xml:62:10-82
	android:name
		ADDED from src\main\AndroidManifest.xml:62:20-80
activity#com.example.commonDemo.BusynessActivity
ADDED from src\main\AndroidManifest.xml:63:10-76
	android:name
		ADDED from src\main\AndroidManifest.xml:63:20-74
activity#com.example.commonDemo.AVEditorDemoActivity
ADDED from src\main\AndroidManifest.xml:64:10-80
	android:name
		ADDED from src\main\AndroidManifest.xml:64:20-78
activity#com.example.commonDemo.ScaleExecuteDemoActivity
ADDED from src\main\AndroidManifest.xml:65:10-84
	android:name
		ADDED from src\main\AndroidManifest.xml:65:20-82
activity#com.example.commonDemo.OnlyTestCmdActivity
ADDED from src\main\AndroidManifest.xml:67:10-79
	android:name
		ADDED from src\main\AndroidManifest.xml:67:20-77
activity#com.example.commonDemo.SegmentRecorderActivity
ADDED from src\main\AndroidManifest.xml:68:11-70:25
	android:theme
		ADDED from src\main\AndroidManifest.xml:69:19-51
	android:name
		ADDED from src\main\AndroidManifest.xml:68:21-82